<?xml version="1.0" encoding="UTF-8"?>
<!-- Generated by org.testng.reporters.JUnitReportReporter -->
<testsuite skipped="0" hostname="ULTP_540" name="NewTest1" tests="3" failures="0" timestamp="17 Oct 2018 07:18:54 GMT" time="0.011" errors="0">
  <testcase name="ZSplCharUser2" time="0.007" classname="NewTest1"/>
  <testcase name="Blankuser" time="0.002" classname="NewTest1"/>
  <testcase name="ASplCharUser" time="0.002" classname="NewTest1"/>
</testsuite> <!-- NewTest1 -->
