<?xml version="1.0" encoding="UTF-8"?>
<!-- Generated by org.testng.reporters.JUnitReportReporter -->
<testsuite skipped="0" hostname="ULTP_540" name="UserLogin" tests="3" failures="0" timestamp="14 Oct 2018 12:18:29 GMT" time="0.014" errors="0">
  <testcase name="UsingDataProviderArrayValues" time="0.001" classname="UserLogin"/>
  <testcase name="UsingDataProviderArrayValues" time="0.001" classname="UserLogin"/>
  <testcase name="UsingDataProviderArrayValues" time="0.012" classname="UserLogin"/>
</testsuite> <!-- UserLogin -->
