<?xml version="1.0" encoding="UTF-8"?>
<!-- Generated by org.testng.reporters.JUnitReportReporter -->
<testsuite skipped="0" hostname="ULTP_540" name="LoginToOfflineProjectUsingValidCredentials" tests="1" failures="0" timestamp="17 Oct 2018 07:43:27 GMT" time="6.009" errors="0">
  <testcase name="ValidEmailAndPassword" time="6.009" classname="LoginToOfflineProjectUsingValidCredentials"/>
</testsuite> <!-- LoginToOfflineProjectUsingValidCredentials -->
