<?xml version="1.0" encoding="UTF-8"?>
<!-- Generated by org.testng.reporters.JUnitReportReporter -->
<testsuite skipped="0" hostname="ULTP_540" name="UsingDataProviderArrayValues" tests="3" failures="0" timestamp="17 Oct 2018 11:30:46 GMT" time="0.018" errors="0">
  <testcase name="UsingDataProviderArrayValues" time="0.002" classname="UsingDataProviderArrayValues"/>
  <testcase name="UsingDataProviderArrayValues" time="0.002" classname="UsingDataProviderArrayValues"/>
  <testcase name="UsingDataProviderArrayValues" time="0.014" classname="UsingDataProviderArrayValues"/>
</testsuite> <!-- UsingDataProviderArrayValues -->
