<?xml version="1.0" encoding="UTF-8"?>
<!-- Generated by org.testng.reporters.JUnitReportReporter -->
<testsuite skipped="0" hostname="ULTP_540" name="PassingParameterValuesUsingDataProviderAnnotation" tests="3" failures="0" timestamp="17 Oct 2018 12:04:46 GMT" time="0.017" errors="0">
  <testcase name="UsingDataProviderArrayValues" time="0.001" classname="PassingParameterValuesUsingDataProviderAnnotation"/>
  <testcase name="UsingDataProviderArrayValues" time="0.002" classname="PassingParameterValuesUsingDataProviderAnnotation"/>
  <testcase name="UsingDataProviderArrayValues" time="0.014" classname="PassingParameterValuesUsingDataProviderAnnotation"/>
</testsuite> <!-- PassingParameterValuesUsingDataProviderAnnotation -->
