<?xml version="1.0" encoding="UTF-8"?>
<!-- Generated by org.testng.reporters.JUnitReportReporter -->
<testsuite skipped="0" hostname="ULTP_540" name="LoginToOfflineProjectUsingDifferentCombinationUsingDataProvider" tests="5" failures="0" timestamp="17 Oct 2018 09:00:23 GMT" time="14.798" errors="0">
  <testcase name="f" time="1.413" classname="LoginToOfflineProjectUsingDifferentCombinationUsingDataProvider"/>
  <testcase name="f" time="1.456" classname="LoginToOfflineProjectUsingDifferentCombinationUsingDataProvider"/>
  <testcase name="f" time="6.289" classname="LoginToOfflineProjectUsingDifferentCombinationUsingDataProvider"/>
  <testcase name="f" time="1.338" classname="LoginToOfflineProjectUsingDifferentCombinationUsingDataProvider"/>
  <testcase name="f" time="4.302" classname="LoginToOfflineProjectUsingDifferentCombinationUsingDataProvider"/>
</testsuite> <!-- LoginToOfflineProjectUsingDifferentCombinationUsingDataProvider -->
