<?xml version="1.0" encoding="UTF-8"?>
<!-- Generated by org.testng.reporters.JUnitReportReporter -->
<testsuite skipped="0" hostname="ULTP_540" name="LoginToOfflineProjectUsingInvalidAndNullPassword" tests="3" failures="0" timestamp="14 Oct 2018 12:08:31 GMT" time="9.718" errors="0">
  <testcase name="NullUser" time="2.353" classname="LoginToOfflineProjectUsingInvalidAndNullPassword"/>
  <testcase name="PasswordInvalid" time="2.814" classname="LoginToOfflineProjectUsingInvalidAndNullPassword"/>
  <testcase name="ValidEmailAndPassword" time="4.551" classname="LoginToOfflineProjectUsingInvalidAndNullPassword"/>
</testsuite> <!-- LoginToOfflineProjectUsingInvalidAndNullPassword -->
