<?xml version="1.0" encoding="UTF-8"?>
<!-- Generated by org.testng.reporters.JUnitReportReporter -->
<testsuite skipped="0" hostname="ULTP_540" name="MavenTestNGPackage.NewTest" tests="1" failures="0" timestamp="21 Oct 2018 20:13:47 GMT" time="0.014" errors="0">
  <testcase name="TestNGMethod" time="0.014" classname="MavenTestNGPackage.NewTest"/>
</testsuite> <!-- MavenTestNGPackage.NewTest -->
